
ROM used: 3048 (37%)
          3255 (40%) including unused fragments

          2 Average locations per line
          7 Average locations per statement

RAM used: 128 (35%) at main() level
          159 (43%) worst case

Stack used: 4 worst case (out of 6 total available)

Lines Stmts  %   Files
----- ----- ---  -----
  194    85  20  1_Temperatura_MCP9700.c
  277     0   0  ..\..\..\..\..\..\Program Files (x86)\PICC\devices\16F876A.h
  601   215  50  lib_rf2gh4_10.h
  417   126  30  ..\..\..\..\..\..\Program Files (x86)\PICC\drivers\string.h
   28     0   0  ..\..\..\..\..\..\Program Files (x86)\PICC\drivers\stddef.h
   28     0   0  ..\..\..\..\..\..\Program Files (x86)\PICC\drivers\ctype.h
----- -----
 1545   426 Total

Page ROM  %  RAM   Vol Diff  Functions:
---- --- --- ---   --- ----  ----------
0     21   1   1             @delay_ms1
0     30   1   0   143  2.2  RF_CONFIG_SPI
0     14   0   0    98  1.7  RF_INT_EN
0    465  15   2  2193  2.0  RF_CONFIG
0     51   2   0   149  1.3  RF_ON
 Inline        4  3092  8.0  RF_SEND
0    154   5   5  1065  6.0  RF_RECEIVE
1    536  18   5   290  4.3  Send_frame
0     41   1   1   615  4.8  int_RB0
1    671  22  26  2456  7.0  MAIN
0     33   1   2             @ITOF
0    326  11  16             @ADDFF
0    204   7  14             @DIVFF
0    119   4  13             @MULFF
0     15   0   1             @SPRINTF
 Inline        5             @FTOSD
0     68   2  13             @DIV3232
0    249   8  13             @PRINTF_L32D_203FPFPF

Program metrics:
    Functions               9
    Statements              426
    Comments                583
    Volume (V)              13941
    Difficilty (D)          37.9
    Effort to implement (E) 527824
    Time to implement (T)   8 hours, 9 minutes
    Est Delivered Bugs (B)  2
    Cyclomatic Complexity   23
    Maintainability (MI)    65

 Segment     Used  Free
-----------  ----  ----
00000-00003     4  0  
00004-00032    47  0  
00033-007FF  1790  207  
00800-00FFF  1207  841  
01000-017FF     0  2048  
01800-01FFF     0  2048  



